[17-04-2020 14:58:36] PayPal\Core\PayPalHttpConnection : INFO: POST https://api.sandbox.paypal.com/v1/oauth2/token
[17-04-2020 14:58:38] PayPal\Core\PayPalHttpConnection : INFO: Response Status 	: 200
[17-04-2020 14:58:38] PayPal\Core\PayPalHttpConnection : INFO: POST https://api.sandbox.paypal.com/v1/payments/payment
[17-04-2020 14:58:40] PayPal\Core\PayPalHttpConnection : INFO: Response Status 	: 201
[17-04-2020 14:59:04] PayPal\Core\PayPalHttpConnection : INFO: POST https://api.sandbox.paypal.com/v1/oauth2/token
[17-04-2020 14:59:06] PayPal\Core\PayPalHttpConnection : INFO: Response Status 	: 200
[17-04-2020 14:59:06] PayPal\Core\PayPalHttpConnection : INFO: GET https://api.sandbox.paypal.com/v1/payments/payment/PAYID-L2M4IIA3297241817624345L
[17-04-2020 14:59:08] PayPal\Core\PayPalHttpConnection : INFO: Response Status 	: 200
[17-04-2020 14:59:08] PayPal\Core\PayPalHttpConnection : INFO: POST https://api.sandbox.paypal.com/v1/payments/payment/PAYID-L2M4IIA3297241817624345L/execute
[17-04-2020 14:59:11] PayPal\Core\PayPalHttpConnection : INFO: Response Status 	: 200
[17-04-2020 15:00:49] PayPal\Core\PayPalHttpConnection : INFO: POST https://api.sandbox.paypal.com/v1/oauth2/token
[17-04-2020 15:00:50] PayPal\Core\PayPalHttpConnection : INFO: Response Status 	: 200
[17-04-2020 15:00:50] PayPal\Core\PayPalHttpConnection : INFO: POST https://api.sandbox.paypal.com/v1/payments/payment
[17-04-2020 15:00:53] PayPal\Core\PayPalHttpConnection : INFO: Response Status 	: 201
[17-04-2020 15:01:09] PayPal\Core\PayPalHttpConnection : INFO: POST https://api.sandbox.paypal.com/v1/oauth2/token
[17-04-2020 15:01:10] PayPal\Core\PayPalHttpConnection : INFO: Response Status 	: 200
[17-04-2020 15:01:10] PayPal\Core\PayPalHttpConnection : INFO: GET https://api.sandbox.paypal.com/v1/payments/payment/PAYID-L2M4JJI8TM2539033885694N
[17-04-2020 15:01:12] PayPal\Core\PayPalHttpConnection : INFO: Response Status 	: 404
[17-04-2020 15:01:12] PayPal\Core\PayPalHttpConnection : ERROR: Got Http response code 404 when accessing https://api.sandbox.paypal.com/v1/payments/payment/PAYID-L2M4JJI8TM2539033885694N. {"name":"INVALID_RESOURCE_ID","message":"Requested resource ID was not found.","information_link":"https://developer.paypal.com/docs/api/payments/#errors","debug_id":"4aca256a12b3d"}
[17-04-2020 15:06:40] PayPal\Core\PayPalHttpConnection : INFO: POST https://api.sandbox.paypal.com/v1/oauth2/token
[17-04-2020 15:06:42] PayPal\Core\PayPalHttpConnection : INFO: Response Status 	: 200
[17-04-2020 15:06:42] PayPal\Core\PayPalHttpConnection : INFO: POST https://api.sandbox.paypal.com/v1/payments/payment
[17-04-2020 15:06:44] PayPal\Core\PayPalHttpConnection : INFO: Response Status 	: 201
[17-04-2020 15:07:03] PayPal\Core\PayPalHttpConnection : INFO: POST https://api.sandbox.paypal.com/v1/oauth2/token
[17-04-2020 15:07:05] PayPal\Core\PayPalHttpConnection : INFO: Response Status 	: 200
[17-04-2020 15:07:05] PayPal\Core\PayPalHttpConnection : INFO: GET https://api.sandbox.paypal.com/v1/payments/payment/PAYID-L2M4MBA8TT97354HV701061J
[17-04-2020 15:07:07] PayPal\Core\PayPalHttpConnection : INFO: Response Status 	: 200
[17-04-2020 15:07:07] PayPal\Core\PayPalHttpConnection : INFO: POST https://api.sandbox.paypal.com/v1/payments/payment/PAYID-L2M4MBA8TT97354HV701061J/execute
[17-04-2020 15:07:10] PayPal\Core\PayPalHttpConnection : INFO: Response Status 	: 200
[17-04-2020 15:09:14] PayPal\Core\PayPalHttpConnection : INFO: POST https://api.sandbox.paypal.com/v1/oauth2/token
[17-04-2020 15:09:16] PayPal\Core\PayPalHttpConnection : INFO: Response Status 	: 200
[17-04-2020 15:09:16] PayPal\Core\PayPalHttpConnection : INFO: POST https://api.sandbox.paypal.com/v1/payments/payment
[17-04-2020 15:09:18] PayPal\Core\PayPalHttpConnection : INFO: Response Status 	: 201
[17-04-2020 15:09:33] PayPal\Core\PayPalHttpConnection : INFO: POST https://api.sandbox.paypal.com/v1/oauth2/token
[17-04-2020 15:09:35] PayPal\Core\PayPalHttpConnection : INFO: Response Status 	: 200
[17-04-2020 15:09:35] PayPal\Core\PayPalHttpConnection : INFO: GET https://api.sandbox.paypal.com/v1/payments/payment/PAYID-L2M4NHQ45F107682V1978806
[17-04-2020 15:09:36] PayPal\Core\PayPalHttpConnection : INFO: Response Status 	: 200
[17-04-2020 15:09:36] PayPal\Core\PayPalHttpConnection : INFO: POST https://api.sandbox.paypal.com/v1/payments/payment/PAYID-L2M4NHQ45F107682V1978806/execute
[17-04-2020 15:09:40] PayPal\Core\PayPalHttpConnection : INFO: Response Status 	: 200
[17-04-2020 15:16:41] PayPal\Core\PayPalHttpConnection : INFO: POST https://api.sandbox.paypal.com/v1/oauth2/token
[17-04-2020 15:16:43] PayPal\Core\PayPalHttpConnection : INFO: Response Status 	: 200
[17-04-2020 15:16:43] PayPal\Core\PayPalHttpConnection : INFO: POST https://api.sandbox.paypal.com/v1/payments/payment
[17-04-2020 15:16:45] PayPal\Core\PayPalHttpConnection : INFO: Response Status 	: 201
[17-04-2020 15:17:09] PayPal\Core\PayPalHttpConnection : INFO: POST https://api.sandbox.paypal.com/v1/oauth2/token
[17-04-2020 15:17:10] PayPal\Core\PayPalHttpConnection : INFO: Response Status 	: 200
[17-04-2020 15:17:10] PayPal\Core\PayPalHttpConnection : INFO: GET https://api.sandbox.paypal.com/v1/payments/payment/PAYID-L2M4QXI69345787PY604440M
[17-04-2020 15:17:13] PayPal\Core\PayPalHttpConnection : INFO: Response Status 	: 200
[17-04-2020 15:17:13] PayPal\Core\PayPalHttpConnection : INFO: POST https://api.sandbox.paypal.com/v1/payments/payment/PAYID-L2M4QXI69345787PY604440M/execute
[17-04-2020 15:17:17] PayPal\Core\PayPalHttpConnection : INFO: Response Status 	: 200
[17-04-2020 15:18:08] PayPal\Core\PayPalHttpConnection : INFO: POST https://api.sandbox.paypal.com/v1/oauth2/token
[17-04-2020 15:18:10] PayPal\Core\PayPalHttpConnection : INFO: Response Status 	: 200
[17-04-2020 15:18:10] PayPal\Core\PayPalHttpConnection : INFO: POST https://api.sandbox.paypal.com/v1/payments/payment
[17-04-2020 15:18:13] PayPal\Core\PayPalHttpConnection : INFO: Response Status 	: 201
[17-04-2020 15:18:48] PayPal\Core\PayPalHttpConnection : INFO: POST https://api.sandbox.paypal.com/v1/oauth2/token
[17-04-2020 15:18:49] PayPal\Core\PayPalHttpConnection : INFO: Response Status 	: 200
[17-04-2020 15:18:49] PayPal\Core\PayPalHttpConnection : INFO: POST https://api.sandbox.paypal.com/v1/payments/payment
[17-04-2020 15:18:51] PayPal\Core\PayPalHttpConnection : INFO: Response Status 	: 201
[17-04-2020 15:19:11] PayPal\Core\PayPalHttpConnection : INFO: POST https://api.sandbox.paypal.com/v1/oauth2/token
[17-04-2020 15:19:12] PayPal\Core\PayPalHttpConnection : INFO: Response Status 	: 200
[17-04-2020 15:19:12] PayPal\Core\PayPalHttpConnection : INFO: GET https://api.sandbox.paypal.com/v1/payments/payment/PAYID-L2M4RWY6KT9719367291205X
[17-04-2020 15:19:14] PayPal\Core\PayPalHttpConnection : INFO: Response Status 	: 200
[17-04-2020 15:19:14] PayPal\Core\PayPalHttpConnection : INFO: POST https://api.sandbox.paypal.com/v1/payments/payment/PAYID-L2M4RWY6KT9719367291205X/execute
[17-04-2020 15:19:17] PayPal\Core\PayPalHttpConnection : INFO: Response Status 	: 200
[17-04-2020 15:19:27] PayPal\Core\PayPalHttpConnection : INFO: POST https://api.sandbox.paypal.com/v1/oauth2/token
[17-04-2020 15:19:29] PayPal\Core\PayPalHttpConnection : INFO: Response Status 	: 200
[17-04-2020 15:19:29] PayPal\Core\PayPalHttpConnection : INFO: POST https://api.sandbox.paypal.com/v1/payments/payment
[17-04-2020 15:19:31] PayPal\Core\PayPalHttpConnection : INFO: Response Status 	: 201
[17-04-2020 15:20:17] PayPal\Core\PayPalHttpConnection : INFO: POST https://api.sandbox.paypal.com/v1/oauth2/token
[17-04-2020 15:20:19] PayPal\Core\PayPalHttpConnection : INFO: Response Status 	: 200
[17-04-2020 15:20:19] PayPal\Core\PayPalHttpConnection : INFO: POST https://api.sandbox.paypal.com/v1/payments/payment
[17-04-2020 15:20:21] PayPal\Core\PayPalHttpConnection : INFO: Response Status 	: 201
[17-04-2020 15:20:35] PayPal\Core\PayPalHttpConnection : INFO: POST https://api.sandbox.paypal.com/v1/oauth2/token
[17-04-2020 15:20:37] PayPal\Core\PayPalHttpConnection : INFO: Response Status 	: 200
[17-04-2020 15:20:37] PayPal\Core\PayPalHttpConnection : INFO: GET https://api.sandbox.paypal.com/v1/payments/payment/PAYID-L2M4SNI02F92688SF993263D
[17-04-2020 15:20:39] PayPal\Core\PayPalHttpConnection : INFO: Response Status 	: 200
[17-04-2020 15:20:39] PayPal\Core\PayPalHttpConnection : INFO: POST https://api.sandbox.paypal.com/v1/payments/payment/PAYID-L2M4SNI02F92688SF993263D/execute
[17-04-2020 15:20:43] PayPal\Core\PayPalHttpConnection : INFO: Response Status 	: 200
[17-04-2020 15:20:55] PayPal\Core\PayPalHttpConnection : INFO: POST https://api.sandbox.paypal.com/v1/oauth2/token
[17-04-2020 15:20:57] PayPal\Core\PayPalHttpConnection : INFO: Response Status 	: 200
[17-04-2020 15:20:57] PayPal\Core\PayPalHttpConnection : INFO: POST https://api.sandbox.paypal.com/v1/payments/payment
[17-04-2020 15:20:59] PayPal\Core\PayPalHttpConnection : INFO: Response Status 	: 201
[17-04-2020 15:28:37] PayPal\Core\PayPalHttpConnection : INFO: POST https://api.sandbox.paypal.com/v1/oauth2/token
[17-04-2020 15:28:38] PayPal\Core\PayPalHttpConnection : INFO: Response Status 	: 200
[17-04-2020 15:28:38] PayPal\Core\PayPalHttpConnection : INFO: POST https://api.sandbox.paypal.com/v1/payments/payment
[17-04-2020 15:28:40] PayPal\Core\PayPalHttpConnection : INFO: Response Status 	: 201
[17-04-2020 15:29:28] PayPal\Core\PayPalHttpConnection : INFO: POST https://api.sandbox.paypal.com/v1/oauth2/token
[17-04-2020 15:29:29] PayPal\Core\PayPalHttpConnection : INFO: Response Status 	: 200
[17-04-2020 15:29:29] PayPal\Core\PayPalHttpConnection : INFO: GET https://api.sandbox.paypal.com/v1/payments/payment/PAYID-L2M4WKA8BU79139EV227363V
[17-04-2020 15:29:30] PayPal\Core\PayPalHttpConnection : INFO: Response Status 	: 404
[17-04-2020 15:29:30] PayPal\Core\PayPalHttpConnection : ERROR: Got Http response code 404 when accessing https://api.sandbox.paypal.com/v1/payments/payment/PAYID-L2M4WKA8BU79139EV227363V. {"name":"INVALID_RESOURCE_ID","message":"Requested resource ID was not found.","information_link":"https://developer.paypal.com/docs/api/payments/#errors","debug_id":"e424d8892a28d"}
[17-04-2020 15:30:06] PayPal\Core\PayPalHttpConnection : INFO: POST https://api.sandbox.paypal.com/v1/oauth2/token
[17-04-2020 15:30:08] PayPal\Core\PayPalHttpConnection : INFO: Response Status 	: 200
[17-04-2020 15:30:08] PayPal\Core\PayPalHttpConnection : INFO: GET https://api.sandbox.paypal.com/v1/payments/payment/PAYID-L2M4WKA8BU79139EV227363V
[17-04-2020 15:30:10] PayPal\Core\PayPalHttpConnection : INFO: Response Status 	: 200
[17-04-2020 15:30:10] PayPal\Core\PayPalHttpConnection : INFO: POST https://api.sandbox.paypal.com/v1/payments/payment/PAYID-L2M4WKA8BU79139EV227363V/execute
[17-04-2020 15:30:13] PayPal\Core\PayPalHttpConnection : INFO: Response Status 	: 200
[17-04-2020 15:31:11] PayPal\Core\PayPalHttpConnection : INFO: POST https://api.sandbox.paypal.com/v1/oauth2/token
[17-04-2020 15:31:13] PayPal\Core\PayPalHttpConnection : INFO: Response Status 	: 200
[17-04-2020 15:31:13] PayPal\Core\PayPalHttpConnection : INFO: POST https://api.sandbox.paypal.com/v1/payments/payment
[17-04-2020 15:31:16] PayPal\Core\PayPalHttpConnection : INFO: Response Status 	: 201
[17-04-2020 15:31:56] PayPal\Core\PayPalHttpConnection : INFO: POST https://api.sandbox.paypal.com/v1/oauth2/token
[17-04-2020 15:31:58] PayPal\Core\PayPalHttpConnection : INFO: Response Status 	: 200
[17-04-2020 15:31:58] PayPal\Core\PayPalHttpConnection : INFO: GET https://api.sandbox.paypal.com/v1/payments/payment/PAYID-L2M4XRA00N36798US315510X
[17-04-2020 15:32:01] PayPal\Core\PayPalHttpConnection : INFO: Response Status 	: 200
[17-04-2020 15:32:01] PayPal\Core\PayPalHttpConnection : INFO: POST https://api.sandbox.paypal.com/v1/payments/payment/PAYID-L2M4XRA00N36798US315510X/execute
[17-04-2020 15:32:07] PayPal\Core\PayPalHttpConnection : INFO: Response Status 	: 200
[17-04-2020 15:37:36] PayPal\Core\PayPalHttpConnection : INFO: POST https://api.sandbox.paypal.com/v1/oauth2/token
[17-04-2020 15:37:38] PayPal\Core\PayPalHttpConnection : INFO: Response Status 	: 200
[17-04-2020 15:37:38] PayPal\Core\PayPalHttpConnection : INFO: POST https://api.sandbox.paypal.com/v1/payments/payment
[17-04-2020 15:37:41] PayPal\Core\PayPalHttpConnection : INFO: Response Status 	: 201
[17-04-2020 15:38:09] PayPal\Core\PayPalHttpConnection : INFO: POST https://api.sandbox.paypal.com/v1/oauth2/token
[17-04-2020 15:38:10] PayPal\Core\PayPalHttpConnection : INFO: Response Status 	: 200
[17-04-2020 15:38:10] PayPal\Core\PayPalHttpConnection : INFO: GET https://api.sandbox.paypal.com/v1/payments/payment/PAYID-L2M42RI54786370A2512413S
[17-04-2020 15:38:12] PayPal\Core\PayPalHttpConnection : INFO: Response Status 	: 200
[17-04-2020 15:38:12] PayPal\Core\PayPalHttpConnection : INFO: POST https://api.sandbox.paypal.com/v1/payments/payment/PAYID-L2M42RI54786370A2512413S/execute
[17-04-2020 15:38:20] PayPal\Core\PayPalHttpConnection : INFO: Response Status 	: 200
